[2026-04-26 10:36:31] INFO: ❌[REDIS]: Error: connect ECONNREFUSED 127.0.0.1:6379  
[2026-04-26 10:36:31] INFO: ❌[REDIS]: Error: connect ECONNREFUSED 127.0.0.1:6379  
[2026-04-26 10:36:31] INFO: ❌[REDIS]: Error: connect ECONNREFUSED 127.0.0.1:6379  
[2026-04-26 10:36:31] INFO: ❌[REDIS]: Error: connect ECONNREFUSED 127.0.0.1:6379  
[2026-04-26 10:36:31] INFO: ❌[REDIS]: Error: connect ECONNREFUSED 127.0.0.1:6379  
[2026-04-26 10:36:31] INFO: ❌[REDIS]: Error: connect ECONNREFUSED 127.0.0.1:6379  
[2026-04-26 10:36:32] INFO: ❌[REDIS]: Error: connect ECONNREFUSED 127.0.0.1:6379  
[2026-04-26 10:36:32] INFO: ❌[REDIS]: Error: connect ECONNREFUSED 127.0.0.1:6379  
[2026-04-26 10:36:33] INFO: ❌[REDIS]: Error: connect ECONNREFUSED 127.0.0.1:6379  
[2026-04-26 10:36:33] INFO: ❌[REDIS]: Error: connect ECONNREFUSED 127.0.0.1:6379  
[2026-04-26 10:36:33] INFO: ❌[REDIS]: Error: connect ECONNREFUSED 127.0.0.1:6379  
[2026-04-26 10:36:34] INFO: ❌[REDIS]: Error: connect ECONNREFUSED 127.0.0.1:6379  
[2026-04-26 10:36:35] INFO: ❌[REDIS]: Error: connect ECONNREFUSED 127.0.0.1:6379  
[2026-04-26 10:36:35] INFO: ❌[REDIS]: Error: connect ECONNREFUSED 127.0.0.1:6379  
[2026-04-26 10:36:36] INFO: ❌[REDIS]: Error: connect ECONNREFUSED 127.0.0.1:6379  
[2026-04-26 10:36:37] INFO: ❌[REDIS]: Error: connect ECONNREFUSED 127.0.0.1:6379  
[2026-04-26 10:36:38] INFO: ❌[REDIS]: Error: connect ECONNREFUSED 127.0.0.1:6379  
[2026-04-26 10:36:38] INFO: ❌[REDIS]: Error: connect ECONNREFUSED 127.0.0.1:6379  
[2026-04-26 10:36:39] INFO: ❌[REDIS]: Error: connect ECONNREFUSED 127.0.0.1:6379  
[2026-04-26 10:39:13] INFO: 🔌[REDIS]: Connected to redis-server  
[2026-04-26 10:40:01] INFO: [CRON] 0 transactions is expired  
[2026-04-26 10:41:00] INFO: [CRON] 0 transactions is expired  
[2026-04-26 10:42:00] INFO: [CRON] 0 transactions is expired  
[2026-04-26 10:43:00] INFO: [CRON] 0 transactions is expired  
[2026-04-26 10:44:00] INFO: [CRON] 0 transactions is expired  
[2026-04-26 10:44:28] INFO: 🔌[REDIS]: Connected to redis-server  
[2026-04-26 10:45:00] INFO: [CRON] 0 transactions is expired  
[2026-04-26 10:45:04] INFO: 🔌[REDIS]: Connected to redis-server  
[2026-04-26 10:46:00] INFO: [CRON] 0 transactions is expired  
[2026-04-26 10:46:00] INFO: [CRON] 0 transactions is expired  
[2026-04-26 10:46:50] INFO: 🔌[REDIS]: Connected to redis-server  
[2026-04-26 10:46:50] INFO: 🔌[REDIS]: Connected to redis-server  
[2026-04-26 10:47:00] INFO: [CRON] 0 transactions is expired  
[2026-04-26 10:47:00] INFO: [CRON] 0 transactions is expired  
[2026-04-26 10:47:14] INFO: 🔌[REDIS]: Connected to redis-server  
[2026-04-26 10:47:19] INFO: 🔌[REDIS]: Connected to redis-server  
[2026-04-26 10:48:00] INFO: [CRON] 0 transactions is expired  
[2026-04-26 10:48:00] INFO: [CRON] 0 transactions is expired  
[2026-04-26 10:49:00] INFO: [CRON] 0 transactions is expired  
[2026-04-26 10:49:06] INFO: 🔌[REDIS]: Connected to redis-server  
[2026-04-26 10:50:00] INFO: [CRON] 0 transactions is expired  
[2026-04-26 10:50:00] INFO: [CRON] 0 transactions is expired  
[2026-04-26 10:51:00] INFO: [CRON] 0 transactions is expired  
[2026-04-26 10:51:11] INFO: 🔌[REDIS]: Connected to redis-server  
[2026-04-26 10:51:57] ERROR: GET /api/menus/categories=cmnyds0g10000c0fcv4se2jvz - something went wrong  {
  "statusCode": 500,
  "name": "Error",
  "stack": "Error: Cannot set headers after they are sent to the client\n    at ServerResponse.setHeader (node:_http_outgoing:642:11)\n    at ServerResponse.header (D:\\Purwadhika\\materi\\NextPos\\backend\\node_modules\\express\\lib\\response.js:686:10)\n    at ServerResponse.send (D:\\Purwadhika\\materi\\NextPos\\backend\\node_modules\\express\\lib\\response.js:163:12)\n    at ServerResponse.json (D:\\Purwadhika\\materi\\NextPos\\backend\\node_modules\\express\\lib\\response.js:252:15)\n    at D:\\Purwadhika\\materi\\NextPos\\backend\\src\\controllers\\menus.controller.ts:41:25\n    at Generator.next (<anonymous>)\n    at fulfilled (D:\\Purwadhika\\materi\\NextPos\\backend\\src\\controllers\\menus.controller.ts:5:58)",
  "body": {
    "email": "zaid123@gmail.com",
    "password": "12345678"
  },
  "params": {},
  "query": {},
  "headers": {
    "test": "test123",
    "content-type": "application/json",
    "user-agent": "PostmanRuntime/7.51.1",
    "accept": "*/*",
    "postman-token": "82c25e4b-3425-43fd-86a0-476f1bd74455",
    "host": "localhost:8000",
    "accept-encoding": "gzip, deflate, br",
    "connection": "keep-alive",
    "content-length": "74"
  }
}
[2026-04-26 10:52:00] INFO: [CRON] 0 transactions is expired  
[2026-04-26 10:52:00] INFO: [CRON] 0 transactions is expired  
[2026-04-26 10:52:42] ERROR: GET /api/menus/categories=cmnyds0g60002c0fcc6iizbrm - something went wrong  {
  "statusCode": 500,
  "name": "Error",
  "stack": "Error: Cannot set headers after they are sent to the client\n    at ServerResponse.setHeader (node:_http_outgoing:642:11)\n    at ServerResponse.header (D:\\Purwadhika\\materi\\NextPos\\backend\\node_modules\\express\\lib\\response.js:686:10)\n    at ServerResponse.send (D:\\Purwadhika\\materi\\NextPos\\backend\\node_modules\\express\\lib\\response.js:163:12)\n    at ServerResponse.json (D:\\Purwadhika\\materi\\NextPos\\backend\\node_modules\\express\\lib\\response.js:252:15)\n    at D:\\Purwadhika\\materi\\NextPos\\backend\\src\\controllers\\menus.controller.ts:41:25\n    at Generator.next (<anonymous>)\n    at fulfilled (D:\\Purwadhika\\materi\\NextPos\\backend\\src\\controllers\\menus.controller.ts:5:58)",
  "body": {
    "email": "zaid123@gmail.com",
    "password": "12345678"
  },
  "params": {},
  "query": {},
  "headers": {
    "test": "test123",
    "content-type": "application/json",
    "user-agent": "PostmanRuntime/7.51.1",
    "accept": "*/*",
    "postman-token": "5f9e5e64-633e-4381-b81b-1b7b82299ec9",
    "host": "localhost:8000",
    "accept-encoding": "gzip, deflate, br",
    "connection": "keep-alive",
    "content-length": "74"
  }
}
[2026-04-26 10:53:00] INFO: [CRON] 0 transactions is expired  
[2026-04-26 10:53:00] INFO: [CRON] 0 transactions is expired  
[2026-04-26 10:54:00] INFO: [CRON] 0 transactions is expired  
[2026-04-26 10:54:00] INFO: [CRON] 0 transactions is expired  
[2026-04-26 10:55:00] INFO: [CRON] 0 transactions is expired  
[2026-04-26 10:55:00] INFO: [CRON] 0 transactions is expired  
[2026-04-26 10:56:00] INFO: [CRON] 0 transactions is expired  
[2026-04-26 10:56:00] INFO: [CRON] 0 transactions is expired  
[2026-04-26 10:57:49] INFO: 🔌[REDIS]: Connected to redis-server  
[2026-04-26 10:57:49] INFO: 🔌[REDIS]: Connected to redis-server  
[2026-04-26 10:58:00] INFO: [CRON] 0 transactions is expired  
[2026-04-26 10:58:02] INFO: 🔌[REDIS]: Connected to redis-server  
[2026-04-26 10:58:09] ERROR: GET /api/menus?categories=Beverage - something went wrong  {
  "statusCode": 500,
  "name": "PrismaClientValidationError",
  "stack": "PrismaClientValidationError: \nInvalid `prisma.product.findMany()` invocation in\nD:\\Purwadhika\\materi\\NextPos\\backend\\src\\services\\menus.service.ts:24:47\n\n  21 console.log('tidak ada data dalam cache')\n  22 \n  23 \n→ 24 const products = await prisma.product.findMany({\n       where: {\n         deletedAt: null,\n         category: {\n         ~~~~~~~~\n           name: {\n             equals: \"Beverage\",\n             mode: \"insensitive\"\n           }\n         },\n     ?   AND?: ProductWhereInput | ProductWhereInput[],\n     ?   OR?: ProductWhereInput[],\n     ?   NOT?: ProductWhereInput | ProductWhereInput[],\n     ?   id?: StringFilter | String,\n     ?   name?: StringFilter | String,\n     ?   price?: DecimalFilter | Decimal,\n     ?   isAvailable?: BoolFilter | Boolean,\n     ?   categoryId?: StringFilter | String,\n     ?   createdAt?: DateTimeFilter | DateTime,\n     ?   updatedAt?: DateTimeFilter | DateTime,\n     ?   categories?: CategoryScalarRelationFilter | CategoryWhereInput,\n     ?   productImages?: ProductImageListRelationFilter,\n     ?   transactionDetails?: TransactionDetailListRelationFilter\n       }\n     })\n\nUnknown argument `category`. Did you mean `categoryId`? Available options are marked with ?.\n    at throwValidationException (D:\\Purwadhika\\materi\\NextPos\\backend\\node_modules\\@prisma\\client\\src\\runtime\\core\\errorRendering\\throwValidationException.ts:45:9)\n    at ei.handleRequestError (D:\\Purwadhika\\materi\\NextPos\\backend\\node_modules\\@prisma\\client\\src\\runtime\\RequestHandler.ts:202:7)\n    at ei.handleAndLogRequestError (D:\\Purwadhika\\materi\\NextPos\\backend\\node_modules\\@prisma\\client\\src\\runtime\\RequestHandler.ts:174:12)\n    at ei.request (D:\\Purwadhika\\materi\\NextPos\\backend\\node_modules\\@prisma\\client\\src\\runtime\\RequestHandler.ts:143:12)\n    at async a (D:\\Purwadhika\\materi\\NextPos\\backend\\node_modules\\@prisma\\client\\src\\runtime\\getPrismaClient.ts:833:24)",
  "body": {
    "email": "zaid123@gmail.com",
    "password": "12345678"
  },
  "params": {},
  "query": {
    "categories": "Beverage"
  },
  "headers": {
    "test": "test123",
    "content-type": "application/json",
    "user-agent": "PostmanRuntime/7.51.1",
    "accept": "*/*",
    "postman-token": "f904d107-0c36-401e-9e1e-434339d27d05",
    "host": "localhost:8000",
    "accept-encoding": "gzip, deflate, br",
    "connection": "keep-alive",
    "content-length": "74"
  }
}
[2026-04-26 10:58:24] ERROR: GET /api/menus?categories=Food - something went wrong  {
  "statusCode": 500,
  "name": "PrismaClientValidationError",
  "stack": "PrismaClientValidationError: \nInvalid `prisma.product.findMany()` invocation in\nD:\\Purwadhika\\materi\\NextPos\\backend\\src\\services\\menus.service.ts:24:47\n\n  21 console.log('tidak ada data dalam cache')\n  22 \n  23 \n→ 24 const products = await prisma.product.findMany({\n       where: {\n         deletedAt: null,\n         category: {\n         ~~~~~~~~\n           name: {\n             equals: \"Food\",\n             mode: \"insensitive\"\n           }\n         },\n     ?   AND?: ProductWhereInput | ProductWhereInput[],\n     ?   OR?: ProductWhereInput[],\n     ?   NOT?: ProductWhereInput | ProductWhereInput[],\n     ?   id?: StringFilter | String,\n     ?   name?: StringFilter | String,\n     ?   price?: DecimalFilter | Decimal,\n     ?   isAvailable?: BoolFilter | Boolean,\n     ?   categoryId?: StringFilter | String,\n     ?   createdAt?: DateTimeFilter | DateTime,\n     ?   updatedAt?: DateTimeFilter | DateTime,\n     ?   categories?: CategoryScalarRelationFilter | CategoryWhereInput,\n     ?   productImages?: ProductImageListRelationFilter,\n     ?   transactionDetails?: TransactionDetailListRelationFilter\n       }\n     })\n\nUnknown argument `category`. Did you mean `categoryId`? Available options are marked with ?.\n    at throwValidationException (D:\\Purwadhika\\materi\\NextPos\\backend\\node_modules\\@prisma\\client\\src\\runtime\\core\\errorRendering\\throwValidationException.ts:45:9)\n    at ei.handleRequestError (D:\\Purwadhika\\materi\\NextPos\\backend\\node_modules\\@prisma\\client\\src\\runtime\\RequestHandler.ts:202:7)\n    at ei.handleAndLogRequestError (D:\\Purwadhika\\materi\\NextPos\\backend\\node_modules\\@prisma\\client\\src\\runtime\\RequestHandler.ts:174:12)\n    at ei.request (D:\\Purwadhika\\materi\\NextPos\\backend\\node_modules\\@prisma\\client\\src\\runtime\\RequestHandler.ts:143:12)\n    at async a (D:\\Purwadhika\\materi\\NextPos\\backend\\node_modules\\@prisma\\client\\src\\runtime\\getPrismaClient.ts:833:24)",
  "body": {
    "email": "zaid123@gmail.com",
    "password": "12345678"
  },
  "params": {},
  "query": {
    "categories": "Food"
  },
  "headers": {
    "test": "test123",
    "content-type": "application/json",
    "user-agent": "PostmanRuntime/7.51.1",
    "accept": "*/*",
    "postman-token": "07fbfc50-2d9b-4844-a14f-82832f04f1ab",
    "host": "localhost:8000",
    "accept-encoding": "gzip, deflate, br",
    "connection": "keep-alive",
    "content-length": "74"
  }
}
[2026-04-26 10:59:29] INFO: 🔌[REDIS]: Connected to redis-server  
[2026-04-26 10:59:29] INFO: 🔌[REDIS]: Connected to redis-server  
[2026-04-26 10:59:38] INFO: 🔌[REDIS]: Connected to redis-server  
[2026-04-26 10:59:38] INFO: 🔌[REDIS]: Connected to redis-server  
[2026-04-26 11:00:00] INFO: [CRON] 0 transactions is expired  
[2026-04-26 11:00:00] INFO: [CRON] 0 transactions is expired  
[2026-04-26 11:00:26] INFO: 🔌[REDIS]: Connected to redis-server  
[2026-04-26 11:01:00] INFO: [CRON] 0 transactions is expired  
[2026-04-26 11:01:00] INFO: [CRON] 0 transactions is expired  
[2026-04-26 11:01:20] INFO: 🔌[REDIS]: Connected to redis-server  
[2026-04-26 11:01:20] INFO: 🔌[REDIS]: Connected to redis-server  
[2026-04-26 11:02:00] INFO: [CRON] 0 transactions is expired  
[2026-04-26 11:02:00] INFO: [CRON] 0 transactions is expired  
[2026-04-26 11:03:00] INFO: [CRON] 0 transactions is expired  
[2026-04-26 11:03:00] INFO: [CRON] 0 transactions is expired  
[2026-04-26 11:04:00] INFO: [CRON] 0 transactions is expired  
[2026-04-26 11:04:00] INFO: [CRON] 0 transactions is expired  
[2026-04-26 11:05:00] INFO: [CRON] 0 transactions is expired  
[2026-04-26 11:05:00] INFO: [CRON] 0 transactions is expired  
[2026-04-26 11:06:00] INFO: [CRON] 0 transactions is expired  
[2026-04-26 11:06:00] INFO: [CRON] 0 transactions is expired  
[2026-04-26 11:07:00] INFO: [CRON] 0 transactions is expired  
[2026-04-26 11:07:00] INFO: [CRON] 0 transactions is expired  
[2026-04-26 11:08:00] INFO: [CRON] 0 transactions is expired  
[2026-04-26 11:08:00] INFO: [CRON] 0 transactions is expired  
[2026-04-26 11:09:00] INFO: [CRON] 0 transactions is expired  
[2026-04-26 11:09:00] INFO: [CRON] 0 transactions is expired  
[2026-04-26 11:09:17] INFO: 🔌[REDIS]: Connected to redis-server  
[2026-04-26 11:09:17] INFO: 🔌[REDIS]: Connected to redis-server  
[2026-04-26 11:15:49] INFO: 🔌[REDIS]: Connected to redis-server  
[2026-04-26 11:15:50] INFO: 🔌[REDIS]: Connected to redis-server  
[2026-04-26 11:16:00] INFO: [CRON] 0 transactions is expired  
[2026-04-26 11:16:00] INFO: [CRON] 0 transactions is expired  
[2026-04-26 11:17:33] INFO: 🔌[REDIS]: Connected to redis-server  
[2026-04-26 11:17:40] INFO: 🔌[REDIS]: Connected to redis-server  
[2026-04-26 11:18:00] INFO: [CRON] 0 transactions is expired  
[2026-04-26 11:18:00] INFO: [CRON] 0 transactions is expired  
[2026-04-26 11:19:00] INFO: [CRON] 0 transactions is expired  
[2026-04-26 11:19:00] INFO: [CRON] 0 transactions is expired  
[2026-04-26 11:20:00] INFO: [CRON] 0 transactions is expired  
[2026-04-26 11:20:00] INFO: [CRON] 0 transactions is expired  
[2026-04-26 11:21:00] INFO: [CRON] 0 transactions is expired  
[2026-04-26 11:21:00] INFO: [CRON] 0 transactions is expired  
[2026-04-26 11:22:00] INFO: [CRON] 0 transactions is expired  
[2026-04-26 11:22:00] INFO: [CRON] 0 transactions is expired  
[2026-04-26 11:23:00] INFO: [CRON] 0 transactions is expired  
[2026-04-26 11:23:00] INFO: [CRON] 0 transactions is expired  
[2026-04-26 11:24:00] INFO: [CRON] 0 transactions is expired  
[2026-04-26 11:24:00] INFO: [CRON] 0 transactions is expired  
[2026-04-26 11:25:00] INFO: [CRON] 0 transactions is expired  
[2026-04-26 11:26:00] INFO: [CRON] 0 transactions is expired  
[2026-04-26 11:27:00] INFO: [CRON] 0 transactions is expired  
[2026-04-26 11:27:50] INFO: 🔌[REDIS]: Connected to redis-server  
