[2026-04-22 13:28:41] ERROR: POST /api/transaction - token must be provided  {
  "statusCode": 401,
  "name": "Error",
  "stack": "Error: token must be provided\n    at AppError (D:\\Purwadhika\\materi\\NextPos\\backend\\src\\utils\\app-error.utils.ts:7:17)\n    at D:\\Purwadhika\\materi\\NextPos\\backend\\src\\middleware\\jwt-verify.middlewere.ts:9:31\n    at Layer.handleRequest (D:\\Purwadhika\\materi\\NextPos\\backend\\node_modules\\router\\lib\\layer.js:152:17)\n    at next (D:\\Purwadhika\\materi\\NextPos\\backend\\node_modules\\router\\lib\\route.js:157:13)\n    at Route.dispatch (D:\\Purwadhika\\materi\\NextPos\\backend\\node_modules\\router\\lib\\route.js:117:3)\n    at handle (D:\\Purwadhika\\materi\\NextPos\\backend\\node_modules\\router\\index.js:435:11)\n    at Layer.handleRequest (D:\\Purwadhika\\materi\\NextPos\\backend\\node_modules\\router\\lib\\layer.js:152:17)\n    at D:\\Purwadhika\\materi\\NextPos\\backend\\node_modules\\router\\index.js:295:15\n    at processParams (D:\\Purwadhika\\materi\\NextPos\\backend\\node_modules\\router\\index.js:582:12)\n    at next (D:\\Purwadhika\\materi\\NextPos\\backend\\node_modules\\router\\index.js:291:5)",
  "body": {
    "totalItem": 10,
    "totalPrice": 15000,
    "customerName": "budi",
    "paymentMethod": "CASH",
    "status": "PAID"
  },
  "params": {},
  "query": {},
  "headers": {
    "test": "test123",
    "content-type": "application/json",
    "user-agent": "PostmanRuntime/7.51.1",
    "accept": "*/*",
    "postman-token": "e987ab4c-cec0-438f-acc0-0540bc7b823e",
    "host": "localhost:8000",
    "accept-encoding": "gzip, deflate, br",
    "connection": "keep-alive",
    "content-length": "145"
  }
}
[2026-04-22 13:31:33] ERROR: POST /api/auth/login - Email is required  {
  "statusCode": 400,
  "name": "Error",
  "stack": "Error: Email is required\n    at AppError (D:\\Purwadhika\\materi\\NextPos\\backend\\src\\utils\\app-error.utils.ts:7:17)\n    at expressRequestValidation (D:\\Purwadhika\\materi\\NextPos\\backend\\src\\middleware\\express-validation.middlewere.ts:8:42)\n    at Layer.handleRequest (D:\\Purwadhika\\materi\\NextPos\\backend\\node_modules\\router\\lib\\layer.js:152:17)\n    at next (D:\\Purwadhika\\materi\\NextPos\\backend\\node_modules\\router\\lib\\route.js:157:13)\n    at middleware (D:\\Purwadhika\\materi\\NextPos\\backend\\node_modules\\express-validator\\lib\\middlewares\\check.js:16:13)\n    at processTicksAndRejections (node:internal/process/task_queues:103:5)",
  "body": {
    "totalItem": 10,
    "totalPrice": 15000,
    "customerName": "budi",
    "paymentMethod": "CASH",
    "status": "PAID"
  },
  "params": {},
  "query": {},
  "headers": {
    "test": "test123",
    "content-type": "application/json",
    "user-agent": "PostmanRuntime/7.51.1",
    "accept": "*/*",
    "postman-token": "819d564b-6a26-4a11-99b1-41a2a2d817a0",
    "host": "localhost:8000",
    "accept-encoding": "gzip, deflate, br",
    "connection": "keep-alive",
    "content-length": "145",
    "cookie": "token=eyJhbGciOiJIUzI1NiIsInR5cCI6IkpXVCJ9.eyJ1c2VySWQiOiIyOGY5M2YyYS0wOTFlLTQzMTgtYjc2Yy02ZGYyYmYxOTg1MGIiLCJyb2xlIjoiU1VQRVJfQURNSU4iLCJpYXQiOjE3NzY4Mzk0ODEsImV4cCI6MTc3NjkyNTg4MX0.L9Ks4lqToYoeWkMwfBYlqJQszcnlCOz9ArtyWVpVKns"
  }
}
[2026-04-22 15:24:00] INFO: [CRON] 1 transactions is expired  
[2026-04-22 15:25:01] INFO: [CRON] 0 transactions is expired  
[2026-04-22 15:26:00] INFO: [CRON] 0 transactions is expired  
[2026-04-22 15:27:00] INFO: [CRON] 0 transactions is expired  
[2026-04-22 15:28:00] INFO: [CRON] 0 transactions is expired  
[2026-04-22 15:29:00] INFO: [CRON] 0 transactions is expired  
[2026-04-22 15:30:00] INFO: [CRON] 0 transactions is expired  
[2026-04-22 15:31:00] INFO: [CRON] 0 transactions is expired  
[2026-04-22 15:32:00] INFO: [CRON] 0 transactions is expired  
[2026-04-22 15:33:00] INFO: [CRON] 0 transactions is expired  
[2026-04-22 15:34:00] INFO: [CRON] 1 transactions is expired  
[2026-04-22 15:35:00] INFO: [CRON] 0 transactions is expired  
[2026-04-22 15:40:00] INFO: [CRON] 0 transactions is expired  
[2026-04-22 15:41:00] INFO: [CRON] 0 transactions is expired  
[2026-04-22 15:42:00] INFO: [CRON] 0 transactions is expired  
[2026-04-22 15:43:00] INFO: [CRON] 0 transactions is expired  
[2026-04-22 15:44:00] INFO: [CRON] 0 transactions is expired  
[2026-04-22 15:45:00] INFO: [CRON] 0 transactions is expired  
[2026-04-22 15:46:00] INFO: [CRON] 0 transactions is expired  
[2026-04-22 15:47:00] INFO: [CRON] 0 transactions is expired  
[2026-04-22 15:48:00] INFO: [CRON] 0 transactions is expired  
[2026-04-22 15:49:00] INFO: [CRON] 0 transactions is expired  
[2026-04-22 15:50:00] INFO: [CRON] 0 transactions is expired  
[2026-04-22 15:52:00] INFO: [CRON] 0 transactions is expired  
[2026-04-22 15:53:00] INFO: [CRON] 0 transactions is expired  
[2026-04-22 15:54:00] INFO: [CRON] 0 transactions is expired  
[2026-04-22 16:03:00] INFO: [CRON] 0 transactions is expired  
[2026-04-22 16:23:00] INFO: [CRON] 0 transactions is expired  
[2026-04-22 16:24:00] INFO: [CRON] 0 transactions is expired  
[2026-04-22 16:25:00] INFO: [CRON] 0 transactions is expired  
[2026-04-22 16:27:00] INFO: [CRON] 0 transactions is expired  
[2026-04-22 16:28:00] INFO: [CRON] 0 transactions is expired  
[2026-04-22 16:29:00] INFO: [CRON] 0 transactions is expired  
