[2026-04-21 15:40:05] ERROR: POST /api/transaction - Firstname is required  {
  "statusCode": 400,
  "name": "Error",
  "stack": "Error: Firstname is required\n    at AppError (D:\\Purwadhika\\materi\\NextPos\\backend\\src\\utils\\app-error.utils.ts:7:17)\n    at expressRequestValidation (D:\\Purwadhika\\materi\\NextPos\\backend\\src\\middleware\\express-validation.middlewere.ts:8:42)\n    at Layer.handleRequest (D:\\Purwadhika\\materi\\NextPos\\backend\\node_modules\\router\\lib\\layer.js:152:17)\n    at next (D:\\Purwadhika\\materi\\NextPos\\backend\\node_modules\\router\\lib\\route.js:157:13)\n    at middleware (D:\\Purwadhika\\materi\\NextPos\\backend\\node_modules\\express-validator\\lib\\middlewares\\check.js:16:13)\n    at processTicksAndRejections (node:internal/process/task_queues:103:5)",
  "body": {
    "totalItem": 10,
    "totalPrice": 15000,
    "customerName": "Bambang123",
    "paymentMethod": "CASH",
    "status": "PAID",
    "cashierId": "28f93f2a-091e-4318-b76c-6df2bf19850b"
  },
  "params": {},
  "query": {},
  "headers": {
    "test": "test123",
    "content-type": "application/json",
    "user-agent": "PostmanRuntime/7.51.1",
    "accept": "*/*",
    "postman-token": "ee16ccd8-711c-4fde-99f2-c67a58f457cb",
    "host": "localhost:8000",
    "accept-encoding": "gzip, deflate, br",
    "connection": "keep-alive",
    "content-length": "204",
    "cookie": "token=eyJhbGciOiJIUzI1NiIsInR5cCI6IkpXVCJ9.eyJ1c2VySWQiOiIyOGY5M2YyYS0wOTFlLTQzMTgtYjc2Yy02ZGYyYmYxOTg1MGIiLCJyb2xlIjoiU1VQRVJfQURNSU4iLCJpYXQiOjE3NzY3NjA3NTMsImV4cCI6MTc3Njg0NzE1M30.dsLAM-8fT0Pk9cSrk7aZTMcmKUHc-olN49UolhFHBoQ"
  }
}
[2026-04-22 13:28:41] ERROR: POST /api/transaction - token must be provided  {
  "statusCode": 401,
  "name": "Error",
  "stack": "Error: token must be provided\n    at AppError (D:\\Purwadhika\\materi\\NextPos\\backend\\src\\utils\\app-error.utils.ts:7:17)\n    at D:\\Purwadhika\\materi\\NextPos\\backend\\src\\middleware\\jwt-verify.middlewere.ts:9:31\n    at Layer.handleRequest (D:\\Purwadhika\\materi\\NextPos\\backend\\node_modules\\router\\lib\\layer.js:152:17)\n    at next (D:\\Purwadhika\\materi\\NextPos\\backend\\node_modules\\router\\lib\\route.js:157:13)\n    at Route.dispatch (D:\\Purwadhika\\materi\\NextPos\\backend\\node_modules\\router\\lib\\route.js:117:3)\n    at handle (D:\\Purwadhika\\materi\\NextPos\\backend\\node_modules\\router\\index.js:435:11)\n    at Layer.handleRequest (D:\\Purwadhika\\materi\\NextPos\\backend\\node_modules\\router\\lib\\layer.js:152:17)\n    at D:\\Purwadhika\\materi\\NextPos\\backend\\node_modules\\router\\index.js:295:15\n    at processParams (D:\\Purwadhika\\materi\\NextPos\\backend\\node_modules\\router\\index.js:582:12)\n    at next (D:\\Purwadhika\\materi\\NextPos\\backend\\node_modules\\router\\index.js:291:5)",
  "body": {
    "totalItem": 10,
    "totalPrice": 15000,
    "customerName": "budi",
    "paymentMethod": "CASH",
    "status": "PAID"
  },
  "params": {},
  "query": {},
  "headers": {
    "test": "test123",
    "content-type": "application/json",
    "user-agent": "PostmanRuntime/7.51.1",
    "accept": "*/*",
    "postman-token": "e987ab4c-cec0-438f-acc0-0540bc7b823e",
    "host": "localhost:8000",
    "accept-encoding": "gzip, deflate, br",
    "connection": "keep-alive",
    "content-length": "145"
  }
}
[2026-04-22 13:31:33] ERROR: POST /api/auth/login - Email is required  {
  "statusCode": 400,
  "name": "Error",
  "stack": "Error: Email is required\n    at AppError (D:\\Purwadhika\\materi\\NextPos\\backend\\src\\utils\\app-error.utils.ts:7:17)\n    at expressRequestValidation (D:\\Purwadhika\\materi\\NextPos\\backend\\src\\middleware\\express-validation.middlewere.ts:8:42)\n    at Layer.handleRequest (D:\\Purwadhika\\materi\\NextPos\\backend\\node_modules\\router\\lib\\layer.js:152:17)\n    at next (D:\\Purwadhika\\materi\\NextPos\\backend\\node_modules\\router\\lib\\route.js:157:13)\n    at middleware (D:\\Purwadhika\\materi\\NextPos\\backend\\node_modules\\express-validator\\lib\\middlewares\\check.js:16:13)\n    at processTicksAndRejections (node:internal/process/task_queues:103:5)",
  "body": {
    "totalItem": 10,
    "totalPrice": 15000,
    "customerName": "budi",
    "paymentMethod": "CASH",
    "status": "PAID"
  },
  "params": {},
  "query": {},
  "headers": {
    "test": "test123",
    "content-type": "application/json",
    "user-agent": "PostmanRuntime/7.51.1",
    "accept": "*/*",
    "postman-token": "819d564b-6a26-4a11-99b1-41a2a2d817a0",
    "host": "localhost:8000",
    "accept-encoding": "gzip, deflate, br",
    "connection": "keep-alive",
    "content-length": "145",
    "cookie": "token=eyJhbGciOiJIUzI1NiIsInR5cCI6IkpXVCJ9.eyJ1c2VySWQiOiIyOGY5M2YyYS0wOTFlLTQzMTgtYjc2Yy02ZGYyYmYxOTg1MGIiLCJyb2xlIjoiU1VQRVJfQURNSU4iLCJpYXQiOjE3NzY4Mzk0ODEsImV4cCI6MTc3NjkyNTg4MX0.L9Ks4lqToYoeWkMwfBYlqJQszcnlCOz9ArtyWVpVKns"
  }
}
[2026-04-26 10:51:57] ERROR: GET /api/menus/categories=cmnyds0g10000c0fcv4se2jvz - something went wrong  {
  "statusCode": 500,
  "name": "Error",
  "stack": "Error: Cannot set headers after they are sent to the client\n    at ServerResponse.setHeader (node:_http_outgoing:642:11)\n    at ServerResponse.header (D:\\Purwadhika\\materi\\NextPos\\backend\\node_modules\\express\\lib\\response.js:686:10)\n    at ServerResponse.send (D:\\Purwadhika\\materi\\NextPos\\backend\\node_modules\\express\\lib\\response.js:163:12)\n    at ServerResponse.json (D:\\Purwadhika\\materi\\NextPos\\backend\\node_modules\\express\\lib\\response.js:252:15)\n    at D:\\Purwadhika\\materi\\NextPos\\backend\\src\\controllers\\menus.controller.ts:41:25\n    at Generator.next (<anonymous>)\n    at fulfilled (D:\\Purwadhika\\materi\\NextPos\\backend\\src\\controllers\\menus.controller.ts:5:58)",
  "body": {
    "email": "zaid123@gmail.com",
    "password": "12345678"
  },
  "params": {},
  "query": {},
  "headers": {
    "test": "test123",
    "content-type": "application/json",
    "user-agent": "PostmanRuntime/7.51.1",
    "accept": "*/*",
    "postman-token": "82c25e4b-3425-43fd-86a0-476f1bd74455",
    "host": "localhost:8000",
    "accept-encoding": "gzip, deflate, br",
    "connection": "keep-alive",
    "content-length": "74"
  }
}
[2026-04-26 10:52:42] ERROR: GET /api/menus/categories=cmnyds0g60002c0fcc6iizbrm - something went wrong  {
  "statusCode": 500,
  "name": "Error",
  "stack": "Error: Cannot set headers after they are sent to the client\n    at ServerResponse.setHeader (node:_http_outgoing:642:11)\n    at ServerResponse.header (D:\\Purwadhika\\materi\\NextPos\\backend\\node_modules\\express\\lib\\response.js:686:10)\n    at ServerResponse.send (D:\\Purwadhika\\materi\\NextPos\\backend\\node_modules\\express\\lib\\response.js:163:12)\n    at ServerResponse.json (D:\\Purwadhika\\materi\\NextPos\\backend\\node_modules\\express\\lib\\response.js:252:15)\n    at D:\\Purwadhika\\materi\\NextPos\\backend\\src\\controllers\\menus.controller.ts:41:25\n    at Generator.next (<anonymous>)\n    at fulfilled (D:\\Purwadhika\\materi\\NextPos\\backend\\src\\controllers\\menus.controller.ts:5:58)",
  "body": {
    "email": "zaid123@gmail.com",
    "password": "12345678"
  },
  "params": {},
  "query": {},
  "headers": {
    "test": "test123",
    "content-type": "application/json",
    "user-agent": "PostmanRuntime/7.51.1",
    "accept": "*/*",
    "postman-token": "5f9e5e64-633e-4381-b81b-1b7b82299ec9",
    "host": "localhost:8000",
    "accept-encoding": "gzip, deflate, br",
    "connection": "keep-alive",
    "content-length": "74"
  }
}
[2026-04-26 10:58:09] ERROR: GET /api/menus?categories=Beverage - something went wrong  {
  "statusCode": 500,
  "name": "PrismaClientValidationError",
  "stack": "PrismaClientValidationError: \nInvalid `prisma.product.findMany()` invocation in\nD:\\Purwadhika\\materi\\NextPos\\backend\\src\\services\\menus.service.ts:24:47\n\n  21 console.log('tidak ada data dalam cache')\n  22 \n  23 \n→ 24 const products = await prisma.product.findMany({\n       where: {\n         deletedAt: null,\n         category: {\n         ~~~~~~~~\n           name: {\n             equals: \"Beverage\",\n             mode: \"insensitive\"\n           }\n         },\n     ?   AND?: ProductWhereInput | ProductWhereInput[],\n     ?   OR?: ProductWhereInput[],\n     ?   NOT?: ProductWhereInput | ProductWhereInput[],\n     ?   id?: StringFilter | String,\n     ?   name?: StringFilter | String,\n     ?   price?: DecimalFilter | Decimal,\n     ?   isAvailable?: BoolFilter | Boolean,\n     ?   categoryId?: StringFilter | String,\n     ?   createdAt?: DateTimeFilter | DateTime,\n     ?   updatedAt?: DateTimeFilter | DateTime,\n     ?   categories?: CategoryScalarRelationFilter | CategoryWhereInput,\n     ?   productImages?: ProductImageListRelationFilter,\n     ?   transactionDetails?: TransactionDetailListRelationFilter\n       }\n     })\n\nUnknown argument `category`. Did you mean `categoryId`? Available options are marked with ?.\n    at throwValidationException (D:\\Purwadhika\\materi\\NextPos\\backend\\node_modules\\@prisma\\client\\src\\runtime\\core\\errorRendering\\throwValidationException.ts:45:9)\n    at ei.handleRequestError (D:\\Purwadhika\\materi\\NextPos\\backend\\node_modules\\@prisma\\client\\src\\runtime\\RequestHandler.ts:202:7)\n    at ei.handleAndLogRequestError (D:\\Purwadhika\\materi\\NextPos\\backend\\node_modules\\@prisma\\client\\src\\runtime\\RequestHandler.ts:174:12)\n    at ei.request (D:\\Purwadhika\\materi\\NextPos\\backend\\node_modules\\@prisma\\client\\src\\runtime\\RequestHandler.ts:143:12)\n    at async a (D:\\Purwadhika\\materi\\NextPos\\backend\\node_modules\\@prisma\\client\\src\\runtime\\getPrismaClient.ts:833:24)",
  "body": {
    "email": "zaid123@gmail.com",
    "password": "12345678"
  },
  "params": {},
  "query": {
    "categories": "Beverage"
  },
  "headers": {
    "test": "test123",
    "content-type": "application/json",
    "user-agent": "PostmanRuntime/7.51.1",
    "accept": "*/*",
    "postman-token": "f904d107-0c36-401e-9e1e-434339d27d05",
    "host": "localhost:8000",
    "accept-encoding": "gzip, deflate, br",
    "connection": "keep-alive",
    "content-length": "74"
  }
}
[2026-04-26 10:58:24] ERROR: GET /api/menus?categories=Food - something went wrong  {
  "statusCode": 500,
  "name": "PrismaClientValidationError",
  "stack": "PrismaClientValidationError: \nInvalid `prisma.product.findMany()` invocation in\nD:\\Purwadhika\\materi\\NextPos\\backend\\src\\services\\menus.service.ts:24:47\n\n  21 console.log('tidak ada data dalam cache')\n  22 \n  23 \n→ 24 const products = await prisma.product.findMany({\n       where: {\n         deletedAt: null,\n         category: {\n         ~~~~~~~~\n           name: {\n             equals: \"Food\",\n             mode: \"insensitive\"\n           }\n         },\n     ?   AND?: ProductWhereInput | ProductWhereInput[],\n     ?   OR?: ProductWhereInput[],\n     ?   NOT?: ProductWhereInput | ProductWhereInput[],\n     ?   id?: StringFilter | String,\n     ?   name?: StringFilter | String,\n     ?   price?: DecimalFilter | Decimal,\n     ?   isAvailable?: BoolFilter | Boolean,\n     ?   categoryId?: StringFilter | String,\n     ?   createdAt?: DateTimeFilter | DateTime,\n     ?   updatedAt?: DateTimeFilter | DateTime,\n     ?   categories?: CategoryScalarRelationFilter | CategoryWhereInput,\n     ?   productImages?: ProductImageListRelationFilter,\n     ?   transactionDetails?: TransactionDetailListRelationFilter\n       }\n     })\n\nUnknown argument `category`. Did you mean `categoryId`? Available options are marked with ?.\n    at throwValidationException (D:\\Purwadhika\\materi\\NextPos\\backend\\node_modules\\@prisma\\client\\src\\runtime\\core\\errorRendering\\throwValidationException.ts:45:9)\n    at ei.handleRequestError (D:\\Purwadhika\\materi\\NextPos\\backend\\node_modules\\@prisma\\client\\src\\runtime\\RequestHandler.ts:202:7)\n    at ei.handleAndLogRequestError (D:\\Purwadhika\\materi\\NextPos\\backend\\node_modules\\@prisma\\client\\src\\runtime\\RequestHandler.ts:174:12)\n    at ei.request (D:\\Purwadhika\\materi\\NextPos\\backend\\node_modules\\@prisma\\client\\src\\runtime\\RequestHandler.ts:143:12)\n    at async a (D:\\Purwadhika\\materi\\NextPos\\backend\\node_modules\\@prisma\\client\\src\\runtime\\getPrismaClient.ts:833:24)",
  "body": {
    "email": "zaid123@gmail.com",
    "password": "12345678"
  },
  "params": {},
  "query": {
    "categories": "Food"
  },
  "headers": {
    "test": "test123",
    "content-type": "application/json",
    "user-agent": "PostmanRuntime/7.51.1",
    "accept": "*/*",
    "postman-token": "07fbfc50-2d9b-4844-a14f-82832f04f1ab",
    "host": "localhost:8000",
    "accept-encoding": "gzip, deflate, br",
    "connection": "keep-alive",
    "content-length": "74"
  }
}
[2026-04-27 10:09:49] ERROR: POST /api/menus - something went wrong  {
  "statusCode": 500,
  "name": "PrismaClientKnownRequestError",
  "stack": "PrismaClientKnownRequestError: \nInvalid `tx.product.create()` invocation in\nD:\\Purwadhika\\materi\\NextPos\\backend\\src\\services\\menus.service.ts:74:53\n\n  71     {name, price, categoryId}: Pick <Product, 'name' | 'price' | 'categoryId'>\n  72 ){\n  73    await prisma.$transaction(async(tx)=> {\n→ 74         const createdProduct = await tx.product.create(\nForeign key constraint violated on the constraint: `products_categoryId_fkey`\n    at ei.handleRequestError (D:\\Purwadhika\\materi\\NextPos\\backend\\node_modules\\@prisma\\client\\src\\runtime\\RequestHandler.ts:228:13)\n    at ei.handleAndLogRequestError (D:\\Purwadhika\\materi\\NextPos\\backend\\node_modules\\@prisma\\client\\src\\runtime\\RequestHandler.ts:174:12)\n    at ei.request (D:\\Purwadhika\\materi\\NextPos\\backend\\node_modules\\@prisma\\client\\src\\runtime\\RequestHandler.ts:143:12)\n    at async a (D:\\Purwadhika\\materi\\NextPos\\backend\\node_modules\\@prisma\\client\\src\\runtime\\getPrismaClient.ts:833:24)",
  "body": {
    "name": "Ayam Goreng Bumbu",
    "price": "20000",
    "categoryId": ""
  },
  "params": {},
  "query": {},
  "headers": {
    "host": "localhost:8000",
    "connection": "keep-alive",
    "content-length": "318027",
    "sec-ch-ua-platform": "\"Windows\"",
    "user-agent": "Mozilla/5.0 (Windows NT 10.0; Win64; x64) AppleWebKit/537.36 (KHTML, like Gecko) Chrome/147.0.0.0 Safari/537.36",
    "accept": "application/json, text/plain, */*",
    "sec-ch-ua": "\"Google Chrome\";v=\"147\", \"Not.A/Brand\";v=\"8\", \"Chromium\";v=\"147\"",
    "content-type": "multipart/form-data; boundary=----WebKitFormBoundaryBJ5hQicLmCRct9AB",
    "sec-ch-ua-mobile": "?0",
    "origin": "http://localhost:3000",
    "sec-fetch-site": "same-site",
    "sec-fetch-mode": "cors",
    "sec-fetch-dest": "empty",
    "referer": "http://localhost:3000/",
    "accept-encoding": "gzip, deflate, br, zstd",
    "accept-language": "en-US,en-AU;q=0.9,en;q=0.8,id;q=0.7",
    "cookie": "token=eyJhbGciOiJIUzI1NiIsInR5cCI6IkpXVCJ9.eyJpZCI6Ijc5MDAzYWYzLTZlNmEtNGRjZS1iN2FlLTc0ZjI3ZWFhNWE2OCIsImVtYWlsIjoiemFpZDEyM0BnbWFpbC5jb20iLCJyb2xlIjpbIk9SR0FOSVpFUiJdLCJpYXQiOjE3NzcxNjY1MzgsImV4cCI6MTc3Nzc3MTMzOH0.DDekr7SC9Yb9Qjg3Dzrmxcf_QR_AcLTW06Z_9cuMCoI; user=%7B%22id%22%3A%2279003af3-6e6a-4dce-b7ae-74f27eaa5a68%22%2C%22full_name%22%3A%22Zaid%20Fatih%22%2C%22email%22%3A%22zaid123%40gmail.com%22%2C%22role%22%3A%5B%22ORGANIZER%22%5D%2C%22referral_code%22%3A%227A8A8C0F%22%2C%22profile_picture%22%3A%22https%3A%2F%2Fi.pinimg.com%2F736x%2F09%2F1c%2F78%2F091c78975bd12d79a8d1f5562cebfd89.jpg%22%7D; __next_hmr_refresh_hash__=11"
  }
}
[2026-04-27 10:09:53] ERROR: POST /api/menus - something went wrong  {
  "statusCode": 500,
  "name": "PrismaClientKnownRequestError",
  "stack": "PrismaClientKnownRequestError: \nInvalid `tx.product.create()` invocation in\nD:\\Purwadhika\\materi\\NextPos\\backend\\src\\services\\menus.service.ts:74:53\n\n  71     {name, price, categoryId}: Pick <Product, 'name' | 'price' | 'categoryId'>\n  72 ){\n  73    await prisma.$transaction(async(tx)=> {\n→ 74         const createdProduct = await tx.product.create(\nForeign key constraint violated on the constraint: `products_categoryId_fkey`\n    at ei.handleRequestError (D:\\Purwadhika\\materi\\NextPos\\backend\\node_modules\\@prisma\\client\\src\\runtime\\RequestHandler.ts:228:13)\n    at ei.handleAndLogRequestError (D:\\Purwadhika\\materi\\NextPos\\backend\\node_modules\\@prisma\\client\\src\\runtime\\RequestHandler.ts:174:12)\n    at ei.request (D:\\Purwadhika\\materi\\NextPos\\backend\\node_modules\\@prisma\\client\\src\\runtime\\RequestHandler.ts:143:12)\n    at async a (D:\\Purwadhika\\materi\\NextPos\\backend\\node_modules\\@prisma\\client\\src\\runtime\\getPrismaClient.ts:833:24)",
  "body": {
    "name": "Ayam Goreng Bumbu",
    "price": "20000",
    "categoryId": ""
  },
  "params": {},
  "query": {},
  "headers": {
    "host": "localhost:8000",
    "connection": "keep-alive",
    "content-length": "318027",
    "sec-ch-ua-platform": "\"Windows\"",
    "user-agent": "Mozilla/5.0 (Windows NT 10.0; Win64; x64) AppleWebKit/537.36 (KHTML, like Gecko) Chrome/147.0.0.0 Safari/537.36",
    "accept": "application/json, text/plain, */*",
    "sec-ch-ua": "\"Google Chrome\";v=\"147\", \"Not.A/Brand\";v=\"8\", \"Chromium\";v=\"147\"",
    "content-type": "multipart/form-data; boundary=----WebKitFormBoundarylhDCnZcXJtgeZsKQ",
    "sec-ch-ua-mobile": "?0",
    "origin": "http://localhost:3000",
    "sec-fetch-site": "same-site",
    "sec-fetch-mode": "cors",
    "sec-fetch-dest": "empty",
    "referer": "http://localhost:3000/",
    "accept-encoding": "gzip, deflate, br, zstd",
    "accept-language": "en-US,en-AU;q=0.9,en;q=0.8,id;q=0.7",
    "cookie": "token=eyJhbGciOiJIUzI1NiIsInR5cCI6IkpXVCJ9.eyJpZCI6Ijc5MDAzYWYzLTZlNmEtNGRjZS1iN2FlLTc0ZjI3ZWFhNWE2OCIsImVtYWlsIjoiemFpZDEyM0BnbWFpbC5jb20iLCJyb2xlIjpbIk9SR0FOSVpFUiJdLCJpYXQiOjE3NzcxNjY1MzgsImV4cCI6MTc3Nzc3MTMzOH0.DDekr7SC9Yb9Qjg3Dzrmxcf_QR_AcLTW06Z_9cuMCoI; user=%7B%22id%22%3A%2279003af3-6e6a-4dce-b7ae-74f27eaa5a68%22%2C%22full_name%22%3A%22Zaid%20Fatih%22%2C%22email%22%3A%22zaid123%40gmail.com%22%2C%22role%22%3A%5B%22ORGANIZER%22%5D%2C%22referral_code%22%3A%227A8A8C0F%22%2C%22profile_picture%22%3A%22https%3A%2F%2Fi.pinimg.com%2F736x%2F09%2F1c%2F78%2F091c78975bd12d79a8d1f5562cebfd89.jpg%22%7D; __next_hmr_refresh_hash__=11"
  }
}
